<?xml version="1.0" encoding="UTF-8"?>
<testsuite xmlns:xsi="http://www.w3.org/2001/XMLSchema-instance" xsi:noNamespaceSchemaLocation="https://maven.apache.org/surefire/maven-surefire-plugin/xsd/surefire-test-report.xsd" version="3.0.2" name="com.example.products.service.ProductServiceTest" time="0.108" tests="2" errors="0" skipped="0" failures="0">
  <properties>
[...]
</properties>
  <testcase name="createProductSavesEntityAndReturnsResponse" classname="com.example.products.service.ProductServiceTest" time="0.105"/>
  <testcase name="getProductsReturnsMappedResponses" classname="com.example.products.service.ProductServiceTest" time="0.002"/>
</testsuite>